<?xml version="1.0" encoding="UTF-8"?>
<!-- Generated by org.testng.reporters.JUnitReportReporter -->
<testsuite hostname="LAPTOP-VARHNTM8" failures="0" tests="5" name="com.mohs10.scripts.HomeTest" time="95.506" errors="0" timestamp="2023-02-13T13:25:20 IST" skipped="0">
  <testcase classname="com.mohs10.scripts.HomeTest" name="age" time="15.338"/>
  <system-out/>
  <testcase classname="com.mohs10.scripts.HomeTest" name="login" time="24.679"/>
  <system-out/>
  <testcase classname="com.mohs10.scripts.HomeTest" name="age8" time="30.441"/>
  <system-out/>
  <testcase classname="com.mohs10.scripts.HomeTest" name="login2" time="12.126"/>
  <system-out/>
  <testcase classname="com.mohs10.scripts.HomeTest" name="Userid" time="12.922"/>
  <system-out/>
</testsuite> <!-- com.mohs10.scripts.HomeTest -->
